2024-04-01 13:40:32,734;INFO;Start train CrossEntropyLoss_SC_25CS_1250SPC
2024-04-01 14:09:56,578;INFO;Finish train CrossEntropyLoss_SC_25CS_1250SPC in 1763.84 seconds
2024-04-01 15:34:39,262;INFO;Start train CrossEntropyLoss_MSWC_RU_50CS_500SPC
2024-04-01 15:36:39,106;INFO;Start train CrossEntropyLoss_MSWC_RU_50CS_500SPC
2024-04-01 15:37:40,452;INFO;Start train CrossEntropyLoss_MSWC_RU_50CS_500SPC
2024-04-01 15:39:16,038;INFO;Start train CrossEntropyLoss_MSWC_EN_100CS_500SPC
2024-04-01 15:40:39,816;INFO;Start train CrossEntropyLoss_MSWC_EN_500CS_100SPC
2024-04-01 15:55:39,962;INFO;Start train CrossEntropyLoss_MSWC_RU_50CS_500SPC
2024-04-01 17:32:22,632;INFO;Finish train CrossEntropyLoss_MSWC_RU_50CS_500SPC in 5802.67 seconds
2024-04-01 17:32:25,518;INFO;Start train CrossEntropyLoss_MSWC_EN_100CS_500SPC
2024-04-01 20:31:34,100;INFO;Finish train CrossEntropyLoss_MSWC_EN_100CS_500SPC in 10748.58 seconds
2024-04-01 20:31:37,057;INFO;Start train CrossEntropyLoss_MSWC_EN_500CS_100SPC
2024-04-01 23:40:12,481;INFO;Finish train CrossEntropyLoss_MSWC_EN_500CS_100SPC in 11315.42 seconds
2024-04-01 23:41:04,904;INFO;Start train NPairLoss_SC_25CS_1250SPC
2024-04-02 00:15:15,029;INFO;Finish train NPairLoss_SC_25CS_1250SPC in 2050.13 seconds
2024-04-02 00:15:17,899;INFO;Start train NPairLoss_MSWC_RU_50CS_500SPC
2024-04-02 01:47:10,741;INFO;Finish train NPairLoss_MSWC_RU_50CS_500SPC in 5512.84 seconds
2024-04-02 01:47:13,606;INFO;Start train NPairLoss_MSWC_EN_100CS_500SPC
2024-04-02 04:40:48,692;INFO;Finish train NPairLoss_MSWC_EN_100CS_500SPC in 10415.09 seconds
2024-04-02 04:40:51,537;INFO;Start train NPairLoss_MSWC_EN_500CS_100SPC
2024-04-02 07:45:12,305;INFO;Finish train NPairLoss_MSWC_EN_500CS_100SPC in 11060.77 seconds
2024-04-02 08:30:49,041;INFO;Start train LiftedStructuredLoss_SC_25CS_1250SPC
2024-04-02 08:59:56,694;INFO;Finish train LiftedStructuredLoss_SC_25CS_1250SPC in 1747.65 seconds
2024-04-02 08:59:59,599;INFO;Start train LiftedStructuredLoss_MSWC_RU_50CS_500SPC
2024-04-02 10:33:26,858;INFO;Finish train LiftedStructuredLoss_MSWC_RU_50CS_500SPC in 5607.26 seconds
2024-04-02 10:33:29,842;INFO;Start train LiftedStructuredLoss_MSWC_EN_100CS_500SPC
2024-04-02 13:30:44,887;INFO;Finish train LiftedStructuredLoss_MSWC_EN_100CS_500SPC in 10635.05 seconds
2024-04-02 13:30:47,810;INFO;Start train LiftedStructuredLoss_MSWC_EN_500CS_100SPC
2024-04-02 16:39:46,142;INFO;Finish train LiftedStructuredLoss_MSWC_EN_500CS_100SPC in 11338.33 seconds
2024-04-02 20:27:09,856;INFO;Start train SilhouetteMarginLoss_SC_25CS_1250SPC
2024-04-02 21:20:17,187;INFO;Finish train SilhouetteMarginLoss_SC_25CS_1250SPC in 3187.33 seconds
2024-04-02 21:20:20,088;INFO;Start train SilhouetteMarginLoss_MSWC_RU_50CS_500SPC
2024-04-02 23:22:01,145;INFO;Finish train SilhouetteMarginLoss_MSWC_RU_50CS_500SPC in 7301.06 seconds
2024-04-02 23:22:04,077;INFO;Start train SilhouetteMarginLoss_MSWC_EN_100CS_500SPC
2024-04-03 03:09:55,248;INFO;Finish train SilhouetteMarginLoss_MSWC_EN_100CS_500SPC in 13671.17 seconds
2024-04-03 03:09:58,105;INFO;Start train SilhouetteMarginLoss_MSWC_EN_500CS_100SPC
2024-04-03 07:07:38,883;INFO;Finish train SilhouetteMarginLoss_MSWC_EN_500CS_100SPC in 14260.78 seconds
2024-04-03 07:54:01,627;INFO;Start train TripletLoss_SC_25CS_1250SPC
2024-04-03 08:27:59,795;INFO;Finish train TripletLoss_SC_25CS_1250SPC in 2038.17 seconds
2024-04-03 08:28:02,706;INFO;Start train TripletLoss_MSWC_RU_50CS_500SPC
2024-04-03 10:03:50,004;INFO;Finish train TripletLoss_MSWC_RU_50CS_500SPC in 5747.30 seconds
2024-04-03 10:03:52,923;INFO;Start train TripletLoss_MSWC_EN_100CS_500SPC
2024-04-03 13:01:57,100;INFO;Finish train TripletLoss_MSWC_EN_100CS_500SPC in 10684.18 seconds
2024-04-03 13:02:00,068;INFO;Start train TripletLoss_MSWC_EN_500CS_100SPC
2024-04-03 21:01:50,839;INFO;Start train TripletLoss_MSWC_EN_500CS_100SPC
2024-04-03 21:10:21,542;INFO;Start train TripletLoss_MSWC_EN_500CS_100SPC
2024-04-04 00:16:38,124;INFO;Finish train TripletLoss_MSWC_EN_500CS_100SPC in 11176.58 seconds
